Performing C SOURCE FILE Test CMAKE_HAVE_LIBC_PTHREAD failed with the following output:
Change Dir: /home/patthetrickster/410scivi/proj5/CMakeFiles/CMakeTmp

Run Build Command(s):/usr/bin/make -f Makefile cmTC_b0323/fast && /usr/bin/make  -f CMakeFiles/cmTC_b0323.dir/build.make CMakeFiles/cmTC_b0323.dir/build
make[1]: Entering directory '/home/patthetrickster/410scivi/proj5/CMakeFiles/CMakeTmp'
Building C object CMakeFiles/cmTC_b0323.dir/src.c.o
/usr/bin/cc -DCMAKE_HAVE_LIBC_PTHREAD   -o CMakeFiles/cmTC_b0323.dir/src.c.o -c /home/patthetrickster/410scivi/proj5/CMakeFiles/CMakeTmp/src.c
Linking C executable cmTC_b0323
/usr/bin/cmake -E cmake_link_script CMakeFiles/cmTC_b0323.dir/link.txt --verbose=1
/usr/bin/cc CMakeFiles/cmTC_b0323.dir/src.c.o -o cmTC_b0323 
CMakeFiles/cmTC_b0323.dir/src.c.o: In function `main':
src.c:(.text+0x3e): undefined reference to `pthread_create'
src.c:(.text+0x4a): undefined reference to `pthread_detach'
src.c:(.text+0x56): undefined reference to `pthread_cancel'
src.c:(.text+0x67): undefined reference to `pthread_join'
src.c:(.text+0x7b): undefined reference to `pthread_atfork'
collect2: error: ld returned 1 exit status
CMakeFiles/cmTC_b0323.dir/build.make:98: recipe for target 'cmTC_b0323' failed
make[1]: *** [cmTC_b0323] Error 1
make[1]: Leaving directory '/home/patthetrickster/410scivi/proj5/CMakeFiles/CMakeTmp'
Makefile:127: recipe for target 'cmTC_b0323/fast' failed
make: *** [cmTC_b0323/fast] Error 2


Source file was:
#include <pthread.h>

static void* test_func(void* data)
{
  return data;
}

int main(void)
{
  pthread_t thread;
  pthread_create(&thread, NULL, test_func, NULL);
  pthread_detach(thread);
  pthread_cancel(thread);
  pthread_join(thread, NULL);
  pthread_atfork(NULL, NULL, NULL);
  pthread_exit(NULL);

  return 0;
}

Determining if the function pthread_create exists in the pthreads failed with the following output:
Change Dir: /home/patthetrickster/410scivi/proj5/CMakeFiles/CMakeTmp

Run Build Command(s):/usr/bin/make -f Makefile cmTC_8ea41/fast && /usr/bin/make  -f CMakeFiles/cmTC_8ea41.dir/build.make CMakeFiles/cmTC_8ea41.dir/build
make[1]: Entering directory '/home/patthetrickster/410scivi/proj5/CMakeFiles/CMakeTmp'
Building C object CMakeFiles/cmTC_8ea41.dir/CheckFunctionExists.c.o
/usr/bin/cc   -DCHECK_FUNCTION_EXISTS=pthread_create -o CMakeFiles/cmTC_8ea41.dir/CheckFunctionExists.c.o -c /usr/share/cmake-3.22/Modules/CheckFunctionExists.c
Linking C executable cmTC_8ea41
/usr/bin/cmake -E cmake_link_script CMakeFiles/cmTC_8ea41.dir/link.txt --verbose=1
/usr/bin/cc  -DCHECK_FUNCTION_EXISTS=pthread_create CMakeFiles/cmTC_8ea41.dir/CheckFunctionExists.c.o -o cmTC_8ea41  -lpthreads 
/usr/bin/ld: cannot find -lpthreads
collect2: error: ld returned 1 exit status
CMakeFiles/cmTC_8ea41.dir/build.make:98: recipe for target 'cmTC_8ea41' failed
make[1]: *** [cmTC_8ea41] Error 1
make[1]: Leaving directory '/home/patthetrickster/410scivi/proj5/CMakeFiles/CMakeTmp'
Makefile:127: recipe for target 'cmTC_8ea41/fast' failed
make: *** [cmTC_8ea41/fast] Error 2



