Creating and Initializing Arrays...Done
Reading Training and Test data...Done
Creating locks and Training Network...
Epoch: 1/10
Epoch: 2/10
Epoch: 3/10
Epoch: 4/10
Epoch: 5/10
Epoch: 6/10
Epoch: 7/10
Epoch: 8/10
Epoch: 9/10
Epoch: 10/10
Done
Running Test Data through Network...Done

Accuracy on Test Data: 0.000000

Time to Create Data Structures: 2.940000
Time to Read in Training and Test Data: 2.780000
Time to Train Weights and Biases of the layers: 14854.970000
Time to Predict Results of Test Data: 9.770000
