Creating and Initializing Arrays...Done
Reading Training and Test data...Done
Training Network...
Epoch: 1/10
Epoch: 2/10
Epoch: 3/10
Epoch: 4/10
Epoch: 5/10
Epoch: 6/10
Epoch: 7/10
Epoch: 8/10
Epoch: 9/10
Epoch: 10/10
Done
Running Test Data through Network...Done

Accuracy on Test Data: 1.000000

Time to Create Data Structures: 0.525875
Time to Read in Training and Test Data: 3.325729
Time to Train Weights and Biases of the layers: 179.057288
Time to Predict Results of Test Data: 1.146159
Creating and Initializing Arrays...Done
Reading Training and Test data...Done
Training Network...
Epoch: 1/10
Epoch: 2/10
Epoch: 3/10
Epoch: 4/10
Epoch: 5/10
Epoch: 6/10
Epoch: 7/10
Epoch: 8/10
Epoch: 9/10
Epoch: 10/10
Done
Running Test Data through Network...Done

Accuracy on Test Data: 1.000000

Time to Create Data Structures: 0.526749
Time to Read in Training and Test Data: 3.352765
Time to Train Weights and Biases of the layers: 178.021604
Time to Predict Results of Test Data: 1.150460
