Creating and Initializing Arrays...Done
Reading Training and Test data...Done
Training Network...
Epoch: 1/10
Epoch: 2/10
Epoch: 3/10
Epoch: 4/10
Epoch: 5/10
Epoch: 6/10
Epoch: 7/10
Epoch: 8/10
Epoch: 9/10
Epoch: 10/10
Done
Running Test Data through Network...Done

Accuracy on Test Data: 1.000000

Time to Create Data Structures: 0.448721
Time to Read in Training and Test Data: 3.200548
Time to Train Weights and Biases of the layers: 237.650863
Time to Predict Results of Test Data: 1.542074
Creating and Initializing Arrays...Done
Reading Training and Test data...Done
Training Network...
Epoch: 1/10
Epoch: 2/10
Epoch: 3/10
Epoch: 4/10
Epoch: 5/10
Epoch: 6/10
Epoch: 7/10
Epoch: 8/10
Epoch: 9/10
Epoch: 10/10
Done
Running Test Data through Network...Done

Accuracy on Test Data: 1.000000

Time to Create Data Structures: 0.446400
Time to Read in Training and Test Data: 3.196081
Time to Train Weights and Biases of the layers: 238.125921
Time to Predict Results of Test Data: 1.545558
