Performing C SOURCE FILE Test CMAKE_HAVE_LIBC_PTHREAD failed with the following output:
Change Dir: /home/patthetrickster/410scivi/proj4/CMakeFiles/CMakeTmp

Run Build Command(s):/usr/bin/make -f Makefile cmTC_773b7/fast && /usr/bin/make  -f CMakeFiles/cmTC_773b7.dir/build.make CMakeFiles/cmTC_773b7.dir/build
make[1]: Entering directory '/home/patthetrickster/410scivi/proj4/CMakeFiles/CMakeTmp'
Building C object CMakeFiles/cmTC_773b7.dir/src.c.o
/usr/bin/cc -DCMAKE_HAVE_LIBC_PTHREAD   -o CMakeFiles/cmTC_773b7.dir/src.c.o -c /home/patthetrickster/410scivi/proj4/CMakeFiles/CMakeTmp/src.c
Linking C executable cmTC_773b7
/usr/bin/cmake -E cmake_link_script CMakeFiles/cmTC_773b7.dir/link.txt --verbose=1
/usr/bin/cc CMakeFiles/cmTC_773b7.dir/src.c.o -o cmTC_773b7 
CMakeFiles/cmTC_773b7.dir/src.c.o: In function `main':
src.c:(.text+0x3e): undefined reference to `pthread_create'
src.c:(.text+0x4a): undefined reference to `pthread_detach'
src.c:(.text+0x56): undefined reference to `pthread_cancel'
src.c:(.text+0x67): undefined reference to `pthread_join'
src.c:(.text+0x7b): undefined reference to `pthread_atfork'
collect2: error: ld returned 1 exit status
CMakeFiles/cmTC_773b7.dir/build.make:98: recipe for target 'cmTC_773b7' failed
make[1]: *** [cmTC_773b7] Error 1
make[1]: Leaving directory '/home/patthetrickster/410scivi/proj4/CMakeFiles/CMakeTmp'
Makefile:127: recipe for target 'cmTC_773b7/fast' failed
make: *** [cmTC_773b7/fast] Error 2


Source file was:
#include <pthread.h>

static void* test_func(void* data)
{
  return data;
}

int main(void)
{
  pthread_t thread;
  pthread_create(&thread, NULL, test_func, NULL);
  pthread_detach(thread);
  pthread_cancel(thread);
  pthread_join(thread, NULL);
  pthread_atfork(NULL, NULL, NULL);
  pthread_exit(NULL);

  return 0;
}

Determining if the function pthread_create exists in the pthreads failed with the following output:
Change Dir: /home/patthetrickster/410scivi/proj4/CMakeFiles/CMakeTmp

Run Build Command(s):/usr/bin/make -f Makefile cmTC_32920/fast && /usr/bin/make  -f CMakeFiles/cmTC_32920.dir/build.make CMakeFiles/cmTC_32920.dir/build
make[1]: Entering directory '/home/patthetrickster/410scivi/proj4/CMakeFiles/CMakeTmp'
Building C object CMakeFiles/cmTC_32920.dir/CheckFunctionExists.c.o
/usr/bin/cc   -DCHECK_FUNCTION_EXISTS=pthread_create -o CMakeFiles/cmTC_32920.dir/CheckFunctionExists.c.o -c /usr/share/cmake-3.22/Modules/CheckFunctionExists.c
Linking C executable cmTC_32920
/usr/bin/cmake -E cmake_link_script CMakeFiles/cmTC_32920.dir/link.txt --verbose=1
/usr/bin/cc  -DCHECK_FUNCTION_EXISTS=pthread_create CMakeFiles/cmTC_32920.dir/CheckFunctionExists.c.o -o cmTC_32920  -lpthreads 
/usr/bin/ld: cannot find -lpthreads
collect2: error: ld returned 1 exit status
CMakeFiles/cmTC_32920.dir/build.make:98: recipe for target 'cmTC_32920' failed
make[1]: *** [cmTC_32920] Error 1
make[1]: Leaving directory '/home/patthetrickster/410scivi/proj4/CMakeFiles/CMakeTmp'
Makefile:127: recipe for target 'cmTC_32920/fast' failed
make: *** [cmTC_32920/fast] Error 2



